[debug] [2026-01-23T02:35:10.464Z] ----------------------------------------------------------------------
[debug] [2026-01-23T02:35:10.469Z] Command:       C:\Program Files\nodejs\node.exe D:\hotal_project\web_app\node_modules\firebase-tools\lib\bin\firebase.js deploy
[debug] [2026-01-23T02:35:10.470Z] CLI Version:   15.4.0
[debug] [2026-01-23T02:35:10.471Z] Platform:      win32
[debug] [2026-01-23T02:35:10.471Z] Node Version:  v22.13.1
[debug] [2026-01-23T02:35:10.471Z] Time:          Fri Jan 23 2026 08:05:10 GMT+0530 (India Standard Time)
[debug] [2026-01-23T02:35:10.471Z] ----------------------------------------------------------------------
[debug] 
[debug] [2026-01-23T02:35:13.423Z] > command requires scopes: ["email","openid","https://www.googleapis.com/auth/cloudplatformprojects.readonly","https://www.googleapis.com/auth/firebase","https://www.googleapis.com/auth/cloud-platform"]
[debug] [2026-01-23T02:35:13.424Z] > authorizing via signed-in user (sedhu123sedhu@gmail.com)
[debug] [2026-01-23T02:35:13.424Z] [iam] checking project nshotel for permissions ["firebase.projects.get","firebasehosting.sites.update"]
[debug] [2026-01-23T02:35:13.426Z] Checked if tokens are valid: true, expires at: 1769139300305
[debug] [2026-01-23T02:35:13.427Z] Checked if tokens are valid: true, expires at: 1769139300305
[debug] [2026-01-23T02:35:13.428Z] >>> [apiv2][query] POST https://cloudresourcemanager.googleapis.com/v1/projects/nshotel:testIamPermissions [none]
[debug] [2026-01-23T02:35:13.428Z] >>> [apiv2][(partial)header] POST https://cloudresourcemanager.googleapis.com/v1/projects/nshotel:testIamPermissions x-goog-quota-user=projects/nshotel
[debug] [2026-01-23T02:35:13.428Z] >>> [apiv2][body] POST https://cloudresourcemanager.googleapis.com/v1/projects/nshotel:testIamPermissions {"permissions":["firebase.projects.get","firebasehosting.sites.update"]}
[debug] [2026-01-23T02:35:14.910Z] <<< [apiv2][status] POST https://cloudresourcemanager.googleapis.com/v1/projects/nshotel:testIamPermissions 200
[debug] [2026-01-23T02:35:14.911Z] <<< [apiv2][body] POST https://cloudresourcemanager.googleapis.com/v1/projects/nshotel:testIamPermissions {"permissions":["firebase.projects.get","firebasehosting.sites.update"]}
[debug] [2026-01-23T02:35:14.912Z] Checked if tokens are valid: true, expires at: 1769139300305
[debug] [2026-01-23T02:35:14.912Z] Checked if tokens are valid: true, expires at: 1769139300305
[debug] [2026-01-23T02:35:14.913Z] >>> [apiv2][query] GET https://firebase.googleapis.com/v1beta1/projects/nshotel [none]
[debug] [2026-01-23T02:35:15.557Z] <<< [apiv2][status] GET https://firebase.googleapis.com/v1beta1/projects/nshotel 200
[debug] [2026-01-23T02:35:15.558Z] <<< [apiv2][body] GET https://firebase.googleapis.com/v1beta1/projects/nshotel {"projectId":"nshotel","projectNumber":"276227381187","displayName":"NSHotel","name":"projects/nshotel","resources":{"hostingSite":"nshotel","realtimeDatabaseInstance":"nshotel-default-rtdb"},"state":"ACTIVE","etag":"1_41d243f6-33e8-48ab-a8e5-84a7e2a64c59"}
[debug] [2026-01-23T02:35:20.016Z] Checked if tokens are valid: true, expires at: 1769139300305
[debug] [2026-01-23T02:35:20.016Z] Checked if tokens are valid: true, expires at: 1769139300305
[debug] [2026-01-23T02:35:20.017Z] >>> [apiv2][query] GET https://firebasehosting.googleapis.com/v1beta1/projects/nshotel/sites pageToken=&pageSize=10
[debug] [2026-01-23T02:35:21.709Z] <<< [apiv2][status] GET https://firebasehosting.googleapis.com/v1beta1/projects/nshotel/sites 200
[debug] [2026-01-23T02:35:21.709Z] <<< [apiv2][body] GET https://firebasehosting.googleapis.com/v1beta1/projects/nshotel/sites {"sites":[{"name":"projects/nshotel/sites/nshotel","defaultUrl":"https://nshotel.web.app","appId":"1:276227381187:web:3696a3666115b9b7b5cf76","type":"DEFAULT_SITE"}]}
[debug] [2026-01-23T02:35:21.710Z] Checked if tokens are valid: true, expires at: 1769139300305
[debug] [2026-01-23T02:35:21.710Z] Checked if tokens are valid: true, expires at: 1769139300305
[debug] [2026-01-23T02:35:21.710Z] >>> [apiv2][query] GET https://firebase.googleapis.com/v1beta1/projects/-/webApps/1:276227381187:web:3696a3666115b9b7b5cf76/config [none]
[debug] [2026-01-23T02:35:22.742Z] <<< [apiv2][status] GET https://firebase.googleapis.com/v1beta1/projects/-/webApps/1:276227381187:web:3696a3666115b9b7b5cf76/config 200
[debug] [2026-01-23T02:35:22.742Z] <<< [apiv2][body] GET https://firebase.googleapis.com/v1beta1/projects/-/webApps/1:276227381187:web:3696a3666115b9b7b5cf76/config {"projectId":"nshotel","appId":"1:276227381187:web:3696a3666115b9b7b5cf76","databaseURL":"https://nshotel-default-rtdb.firebaseio.com","storageBucket":"nshotel.firebasestorage.app","apiKey":"AIzaSyDuJF46OdZQl76PuCPZiVo12_IlBy7X8xY","authDomain":"nshotel.firebaseapp.com","messagingSenderId":"276227381187","measurementId":"G-RRMSG5BGWB","projectNumber":"276227381187","version":"2"}
[info] 
   Thank you for trying our early preview of Next.js support on Firebase Hosting.
   During the preview, support is best-effort and breaking changes can be expected. Proceed with caution.
   The integration is known to work with Next.js version 12 - 15.0. You may encounter errors.

   Documentation: https://firebase.google.com/docs/hosting/frameworks/nextjs
   File a bug: https://github.com/firebase/firebase-tools/issues/new?template=bug_report.md
   Submit a feature request: https://github.com/firebase/firebase-tools/issues/new?template=feature_request.md

   We'd love to learn from you. Express your interest in helping us shape the future of Firebase Hosting: https://goo.gle/41enW5X

[debug] [2026-01-23T02:35:33.988Z] Checked if tokens are valid: true, expires at: 1769139300305
[debug] [2026-01-23T02:35:33.989Z] Checked if tokens are valid: true, expires at: 1769139300305
[debug] [2026-01-23T02:35:33.989Z] >>> [apiv2][query] GET https://firebasehosting.googleapis.com/v1beta1/projects/nshotel/sites/nshotel [none]
[debug] [2026-01-23T02:35:35.662Z] <<< [apiv2][status] GET https://firebasehosting.googleapis.com/v1beta1/projects/nshotel/sites/nshotel 200
[debug] [2026-01-23T02:35:35.662Z] <<< [apiv2][body] GET https://firebasehosting.googleapis.com/v1beta1/projects/nshotel/sites/nshotel {"name":"projects/nshotel/sites/nshotel","defaultUrl":"https://nshotel.web.app","appId":"1:276227381187:web:3696a3666115b9b7b5cf76","type":"DEFAULT_SITE"}
[info] ▲ Next.js 16.1.1 (Turbopack)

[info] - Environments: .env


[info]   Creating an optimized production build ...

[info] ✓ Compiled successfully in 10.5s

[info]   Running TypeScript ...

[info]   Collecting page data using 7 workers ...

[info]   Generating static pages using 7 workers (0/26) ...

[info]   Generating static pages using 7 workers (6/26) 

[info]   Generating static pages using 7 workers (12/26) 

[info]   Generating static pages using 7 workers (19/26) 

[info] ✓ Generating static pages using 7 workers (26/26) in 1099.9ms

[info]   Finalizing page optimization ...

[info] 

[info] Route (app)
┌ ○ /
├ ○ /_not-found
├ ƒ /api/analytics
├ ƒ /api/auth/login
├ ƒ /api/auth/register
├ ƒ /api/ble/entry
├ ƒ /api/ble/event
├ ƒ /api/ble/exit
├ ƒ /api/ble/sync
├ ƒ /api/dashboard/stats
├ ƒ /api/employees
├ ƒ /api/export/monthly-report
├ ƒ /api/guests
├ ƒ /api/guests/[guestId]
├ ƒ /api/guests/transfer
├ ƒ /api/rfid/check
├ ƒ /api/rfid/log
├ ƒ /api/rooms
├ ○ /dashboard
├ ○ /dashboard/admin/export
├ ○ /dashboard/employees
├ ○ /dashboard/progress
├ ○ /dashboard/records
├ ƒ /dashboard/records/[roomId]
├ ○ /dashboard/restaurant
└ ○ /dashboard/rooms


[info] 
○  (Static)   prerendered as static content
ƒ  (Dynamic)  server-rendered on demand


[info] Building a Cloud Function to run this application. This is needed due to:
[info]  • non-static component /api/analytics/route
[info]  • non-static component /api/auth/login/route
[info]  • non-static component /api/auth/register/route
[info]  • non-static component /api/ble/entry/route
[info]  • non-static component /api/ble/event/route
[debug] [2026-01-23T02:36:06.387Z]  • non-static component /api/ble/exit/route
[debug] [2026-01-23T02:36:06.387Z]  • non-static component /api/ble/sync/route
[debug] [2026-01-23T02:36:06.387Z]  • non-static component /api/dashboard/stats/route
[debug] [2026-01-23T02:36:06.388Z]  • non-static component /api/employees/route
[debug] [2026-01-23T02:36:06.388Z]  • non-static component /api/export/monthly-report/route
[debug] [2026-01-23T02:36:06.388Z]  • non-static component /api/guests/[guestId]/route
[debug] [2026-01-23T02:36:06.388Z]  • non-static component /api/guests/route
[debug] [2026-01-23T02:36:06.388Z]  • non-static component /api/guests/transfer/route
[debug] [2026-01-23T02:36:06.388Z]  • non-static component /api/rfid/check/route
[debug] [2026-01-23T02:36:06.388Z]  • non-static component /api/rfid/log/route
[debug] [2026-01-23T02:36:06.388Z]  • non-static component /api/rooms/route
[debug] [2026-01-23T02:36:06.388Z]  • non-static component /dashboard/records/[roomId]/page
[info]  • and 12 other reasons, use --debug to see more
[info] 
[debug] [2026-01-23T02:36:06.687Z] Checked if tokens are valid: true, expires at: 1769139300305
[debug] [2026-01-23T02:36:06.687Z] Checked if tokens are valid: true, expires at: 1769139300305
[debug] [2026-01-23T02:36:06.688Z] >>> [apiv2][query] GET https://firebasehosting.googleapis.com/v1beta1/projects/nshotel/sites/nshotel [none]
[debug] [2026-01-23T02:36:08.286Z] <<< [apiv2][status] GET https://firebasehosting.googleapis.com/v1beta1/projects/nshotel/sites/nshotel 200
[debug] [2026-01-23T02:36:08.286Z] <<< [apiv2][body] GET https://firebasehosting.googleapis.com/v1beta1/projects/nshotel/sites/nshotel {"name":"projects/nshotel/sites/nshotel","defaultUrl":"https://nshotel.web.app","appId":"1:276227381187:web:3696a3666115b9b7b5cf76","type":"DEFAULT_SITE"}
[debug] [2026-01-23T02:36:10.267Z] Error: EPERM: operation not permitted, symlink 'D:\hotal_project\web_app\node_modules\rimraf' -> 'D:\hotal_project\web_app\.firebase\nshotel\functions\.next\node_modules\rimraf-ca920c550f67ed39'
